handleCpuAcceleration: feature check for hvf
cannot add library /Users/bobby/Library/Android/sdk/emulator/qemu/darwin-x86_64/lib64/vulkan/libvulkan.dylib: failed
added library /Users/bobby/Library/Android/sdk/emulator/lib64/vulkan/libvulkan.dylib
emulator: WARNING: Your AVD has been configured with an in-guest renderer, but the system image does not support guest rendering.Falling back to 'swiftshader_indirect' mode.
emulator: INFO: GrpcServices.cpp:315: Started GRPC server at 127.0.0.1:8554, security: Local
emulator: INFO: EmulatorAdvertisement.cpp:93: Advertising in: /Users/bobby/Library/Caches/TemporaryItems/avd/running/pid_3364.ini
Your emulator is out of date, please update by launching Android Studio:
 - Start Android Studio
 - Select menu "Tools > Android > SDK Manager"
 - Click "SDK Tools" tab
 - Check "Android Emulator" checkbox
 - Click "OK"

emulator: Saving state on exit with session uptime 52363 ms
handleCpuAcceleration: feature check for hvf
cannot add library /Users/bobby/Library/Android/sdk/emulator/qemu/darwin-x86_64/lib64/vulkan/libvulkan.dylib: failed
added library /Users/bobby/Library/Android/sdk/emulator/lib64/vulkan/libvulkan.dylib
emulator: WARNING: Your AVD has been configured with an in-guest renderer, but the system image does not support guest rendering.Falling back to 'swiftshader_indirect' mode.
emulator: INFO: GrpcServices.cpp:315: Started GRPC server at 127.0.0.1:8554, security: Local
emulator: INFO: EmulatorAdvertisement.cpp:93: Advertising in: /Users/bobby/Library/Caches/TemporaryItems/avd/running/pid_4974.ini
eglMakeCurrent failed in binding subwindow!
eglMakeCurrent failed in binding subwindow!
eglMakeCurrent failed in binding subwindow!
emulator: Saving state on exit with session uptime 2880 ms
handleCpuAcceleration: feature check for hvf
cannot add library /Users/bobby/Library/Android/sdk/emulator/qemu/darwin-x86_64/lib64/vulkan/libvulkan.dylib: failed
added library /Users/bobby/Library/Android/sdk/emulator/lib64/vulkan/libvulkan.dylib
emulator: WARNING: Your AVD has been configured with an in-guest renderer, but the system image does not support guest rendering.Falling back to 'swiftshader_indirect' mode.
emulator: INFO: GrpcServices.cpp:315: Started GRPC server at 127.0.0.1:8554, security: Local
emulator: INFO: EmulatorAdvertisement.cpp:93: Advertising in: /Users/bobby/Library/Caches/TemporaryItems/avd/running/pid_13611.ini
eglMakeCurrent failed in binding subwindow!
eglMakeCurrent failed in binding subwindow!
Defaulting fps to 24 fps
emulator: INFO: record-macro-page.cpp:148: Dropping metrics, nothing to report.
Defaulting fps to 24 fps
emulator: Saving state on exit with session uptime 7111498 ms
handleCpuAcceleration: feature check for hvf
cannot add library /Users/bobby/Library/Android/sdk/emulator/qemu/darwin-x86_64/lib64/vulkan/libvulkan.dylib: failed
added library /Users/bobby/Library/Android/sdk/emulator/lib64/vulkan/libvulkan.dylib
emulator: WARNING: Your AVD has been configured with an in-guest renderer, but the system image does not support guest rendering.Falling back to 'swiftshader_indirect' mode.
emulator: INFO: GrpcServices.cpp:315: Started GRPC server at 127.0.0.1:8554, security: Local
emulator: INFO: EmulatorAdvertisement.cpp:93: Advertising in: /Users/bobby/Library/Caches/TemporaryItems/avd/running/pid_25074.ini
Your emulator is out of date, please update by launching Android Studio:
 - Start Android Studio
 - Select menu "Tools > Android > SDK Manager"
 - Click "SDK Tools" tab
 - Check "Android Emulator" checkbox
 - Click "OK"

eglMakeCurrent failed in binding subwindow!
eglMakeCurrent failed in binding subwindow!
eglMakeCurrent failed in binding subwindow!
eglMakeCurrent failed in binding subwindow!
eglMakeCurrent failed in binding subwindow!
eglMakeCurrent failed in binding subwindow!
eglMakeCurrent failed in binding subwindow!
eglMakeCurrent failed in binding subwindow!
eglMakeCurrent failed in binding subwindow!
eglMakeCurrent failed in binding subwindow!
eglMakeCurrent failed in binding subwindow!
eglMakeCurrent failed in binding subwindow!
eglMakeCurrent failed in binding subwindow!
eglMakeCurrent failed in binding subwindow!
eglMakeCurrent failed in binding subwindow!
eglMakeCurrent failed in binding subwindow!
eglMakeCurrent failed in binding subwindow!
eglMakeCurrent failed in binding subwindow!
eglMakeCurrent failed in binding subwindow!
eglMakeCurrent failed in binding subwindow!
eglMakeCurrent failed in binding subwindow!
eglMakeCurrent failed in binding subwindow!
eglMakeCurrent failed in binding subwindow!
eglMakeCurrent failed in binding subwindow!
eglMakeCurrent failed in binding subwindow!
eglMakeCurrent failed in binding subwindow!
eglMakeCurrent failed in binding subwindow!
eglMakeCurrent failed in binding subwindow!
eglMakeCurrent failed in binding subwindow!
eglMakeCurrent failed in binding subwindow!
eglMakeCurrent failed in binding subwindow!
eglMakeCurrent failed in binding subwindow!
eglMakeCurrent failed in binding subwindow!
eglMakeCurrent failed in binding subwindow!
eglMakeCurrent failed in binding subwindow!
eglMakeCurrent failed in binding subwindow!
eglMakeCurrent failed in binding subwindow!
eglMakeCurrent failed in binding subwindow!
eglMakeCurrent failed in binding subwindow!
eglMakeCurrent failed in binding subwindow!
eglMakeCurrent failed in binding subwindow!
eglMakeCurrent failed in binding subwindow!
eglMakeCurrent failed in binding subwindow!
eglMakeCurrent failed in binding subwindow!
eglMakeCurrent failed in binding subwindow!
eglMakeCurrent failed in binding subwindow!
eglMakeCurrent failed in binding subwindow!
eglMakeCurrent failed in binding subwindow!
eglMakeCurrent failed in binding subwindow!
eglMakeCurrent failed in binding subwindow!
eglMakeCurrent failed in binding subwindow!
eglMakeCurrent failed in binding subwindow!
eglMakeCurrent failed in binding subwindow!
eglMakeCurrent failed in binding subwindow!
eglMakeCurrent failed in binding subwindow!
eglMakeCurrent failed in binding subwindow!
eglMakeCurrent failed in binding subwindow!
eglMakeCurrent failed in binding subwindow!
eglMakeCurrent failed in binding subwindow!
eglMakeCurrent failed in binding subwindow!
eglMakeCurrent failed in binding subwindow!
eglMakeCurrent failed in binding subwindow!
eglMakeCurrent failed in binding subwindow!
eglMakeCurrent failed in binding subwindow!
eglMakeCurrent failed in binding subwindow!
eglMakeCurrent failed in binding subwindow!
eglMakeCurrent failed in binding subwindow!
eglMakeCurrent failed in binding subwindow!
eglMakeCurrent failed in binding subwindow!
eglMakeCurrent failed in binding subwindow!
eglMakeCurrent failed in binding subwindow!
eglMakeCurrent failed in binding subwindow!
eglMakeCurrent failed in binding subwindow!
eglMakeCurrent failed in binding subwindow!
eglMakeCurrent failed in binding subwindow!
eglMakeCurrent failed in binding subwindow!
eglMakeCurrent failed in binding subwindow!
eglMakeCurrent failed in binding subwindow!
eglMakeCurrent failed in binding subwindow!
eglMakeCurrent failed in binding subwindow!
eglMakeCurrent failed in binding subwindow!
eglMakeCurrent failed in binding subwindow!
eglMakeCurrent failed in binding subwindow!
eglMakeCurrent failed in binding subwindow!
eglMakeCurrent failed in binding subwindow!
eglMakeCurrent failed in binding subwindow!
eglMakeCurrent failed in binding subwindow!
eglMakeCurrent failed in binding subwindow!
eglMakeCurrent failed in binding subwindow!
eglMakeCurrent failed in binding subwindow!
eglMakeCurrent failed in binding subwindow!
eglMakeCurrent failed in binding subwindow!
eglMakeCurrent failed in binding subwindow!
eglMakeCurrent failed in binding subwindow!
eglMakeCurrent failed in binding subwindow!
eglMakeCurrent failed in binding subwindow!
eglMakeCurrent failed in binding subwindow!
eglMakeCurrent failed in binding subwindow!
eglMakeCurrent failed in binding subwindow!
eglMakeCurrent failed in binding subwindow!
eglMakeCurrent failed in binding subwindow!
eglMakeCurrent failed in binding subwindow!
eglMakeCurrent failed in binding subwindow!
eglMakeCurrent failed in binding subwindow!
eglMakeCurrent failed in binding subwindow!
eglMakeCurrent failed in binding subwindow!
eglMakeCurrent failed in binding subwindow!
eglMakeCurrent failed in binding subwindow!
eglMakeCurrent failed in binding subwindow!
eglMakeCurrent failed in binding subwindow!
eglMakeCurrent failed in binding subwindow!
eglMakeCurrent failed in binding subwindow!
eglMakeCurrent failed in binding subwindow!
eglMakeCurrent failed in binding subwindow!
eglMakeCurrent failed in binding subwindow!
eglMakeCurrent failed in binding subwindow!
eglMakeCurrent failed in binding subwindow!
eglMakeCurrent failed in binding subwindow!
eglMakeCurrent failed in binding subwindow!
eglMakeCurrent failed in binding subwindow!
eglMakeCurrent failed in binding subwindow!
eglMakeCurrent failed in binding subwindow!
eglMakeCurrent failed in binding subwindow!
eglMakeCurrent failed in binding subwindow!
eglMakeCurrent failed in binding subwindow!
eglMakeCurrent failed in binding subwindow!
eglMakeCurrent failed in binding subwindow!
eglMakeCurrent failed in binding subwindow!
eglMakeCurrent failed in binding subwindow!
eglMakeCurrent failed in binding subwindow!
eglMakeCurrent failed in binding subwindow!
eglMakeCurrent failed in binding subwindow!
eglMakeCurrent failed in binding subwindow!
eglMakeCurrent failed in binding subwindow!
eglMakeCurrent failed in binding subwindow!
eglMakeCurrent failed in binding subwindow!
eglMakeCurrent failed in binding subwindow!
eglMakeCurrent failed in binding subwindow!
eglMakeCurrent failed in binding subwindow!
eglMakeCurrent failed in binding subwindow!
eglMakeCurrent failed in binding subwindow!
eglMakeCurrent failed in binding subwindow!
eglMakeCurrent failed in binding subwindow!
eglMakeCurrent failed in binding subwindow!
eglMakeCurrent failed in binding subwindow!
eglMakeCurrent failed in binding subwindow!
eglMakeCurrent failed in binding subwindow!
eglMakeCurrent failed in binding subwindow!
eglMakeCurrent failed in binding subwindow!
eglMakeCurrent failed in binding subwindow!
eglMakeCurrent failed in binding subwindow!
eglMakeCurrent failed in binding subwindow!
eglMakeCurrent failed in binding subwindow!
eglMakeCurrent failed in binding subwindow!
eglMakeCurrent failed in binding subwindow!
eglMakeCurrent failed in binding subwindow!
eglMakeCurrent failed in binding subwindow!
eglMakeCurrent failed in binding subwindow!
eglMakeCurrent failed in binding subwindow!
eglMakeCurrent failed in binding subwindow!
eglMakeCurrent failed in binding subwindow!
eglMakeCurrent failed in binding subwindow!
eglMakeCurrent failed in binding subwindow!
eglMakeCurrent failed in binding subwindow!
eglMakeCurrent failed in binding subwindow!
eglMakeCurrent failed in binding subwindow!
eglMakeCurrent failed in binding subwindow!
eglMakeCurrent failed in binding subwindow!
eglMakeCurrent failed in binding subwindow!
eglMakeCurrent failed in binding subwindow!
eglMakeCurrent failed in binding subwindow!
eglMakeCurrent failed in binding subwindow!
eglMakeCurrent failed in binding subwindow!
eglMakeCurrent failed in binding subwindow!
eglMakeCurrent failed in binding subwindow!
eglMakeCurrent failed in binding subwindow!
eglMakeCurrent failed in binding subwindow!
eglMakeCurrent failed in binding subwindow!
eglMakeCurrent failed in binding subwindow!
eglMakeCurrent failed in binding subwindow!
eglMakeCurrent failed in binding subwindow!
eglMakeCurrent failed in binding subwindow!
eglMakeCurrent failed in binding subwindow!
eglMakeCurrent failed in binding subwindow!
eglMakeCurrent failed in binding subwindow!
eglMakeCurrent failed in binding subwindow!
eglMakeCurrent failed in binding subwindow!
eglMakeCurrent failed in binding subwindow!
eglMakeCurrent failed in binding subwindow!
eglMakeCurrent failed in binding subwindow!
eglMakeCurrent failed in binding subwindow!
eglMakeCurrent failed in binding subwindow!
eglMakeCurrent failed in binding subwindow!
eglMakeCurrent failed in binding subwindow!
eglMakeCurrent failed in binding subwindow!
eglMakeCurrent failed in binding subwindow!
eglMakeCurrent failed in binding subwindow!
eglMakeCurrent failed in binding subwindow!
eglMakeCurrent failed in binding subwindow!
eglMakeCurrent failed in binding subwindow!
eglMakeCurrent failed in binding subwindow!
eglMakeCurrent failed in binding subwindow!
eglMakeCurrent failed in binding subwindow!
eglMakeCurrent failed in binding subwindow!
eglMakeCurrent failed in binding subwindow!
eglMakeCurrent failed in binding subwindow!
eglMakeCurrent failed in binding subwindow!
eglMakeCurrent failed in binding subwindow!
eglMakeCurrent failed in binding subwindow!
eglMakeCurrent failed in binding subwindow!
eglMakeCurrent failed in binding subwindow!
eglMakeCurrent failed in binding subwindow!
eglMakeCurrent failed in binding subwindow!
eglMakeCurrent failed in binding subwindow!
eglMakeCurrent failed in binding subwindow!
eglMakeCurrent failed in binding subwindow!
eglMakeCurrent failed in binding subwindow!
eglMakeCurrent failed in binding subwindow!
eglMakeCurrent failed in binding subwindow!
eglMakeCurrent failed in binding subwindow!
eglMakeCurrent failed in binding subwindow!
eglMakeCurrent failed in binding subwindow!
eglMakeCurrent failed in binding subwindow!
eglMakeCurrent failed in binding subwindow!
eglMakeCurrent failed in binding subwindow!
eglMakeCurrent failed in binding subwindow!
eglMakeCurrent failed in binding subwindow!
eglMakeCurrent failed in binding subwindow!
eglMakeCurrent failed in binding subwindow!
eglMakeCurrent failed in binding subwindow!
eglMakeCurrent failed in binding subwindow!
eglMakeCurrent failed in binding subwindow!
eglMakeCurrent failed in binding subwindow!
eglMakeCurrent failed in binding subwindow!
eglMakeCurrent failed in binding subwindow!
eglMakeCurrent failed in binding subwindow!
eglMakeCurrent failed in binding subwindow!
eglMakeCurrent failed in binding subwindow!
eglMakeCurrent failed in binding subwindow!
eglMakeCurrent failed in binding subwindow!
eglMakeCurrent failed in binding subwindow!
eglMakeCurrent failed in binding subwindow!
eglMakeCurrent failed in binding subwindow!
eglMakeCurrent failed in binding subwindow!
eglMakeCurrent failed in binding subwindow!
eglMakeCurrent failed in binding subwindow!
eglMakeCurrent failed in binding subwindow!
eglMakeCurrent failed in binding subwindow!
eglMakeCurrent failed in binding subwindow!
eglMakeCurrent failed in binding subwindow!
eglMakeCurrent failed in binding subwindow!
eglMakeCurrent failed in binding subwindow!
eglMakeCurrent failed in binding subwindow!
eglMakeCurrent failed in binding subwindow!
eglMakeCurrent failed in binding subwindow!
eglMakeCurrent failed in binding subwindow!
eglMakeCurrent failed in binding subwindow!
eglMakeCurrent failed in binding subwindow!
eglMakeCurrent failed in binding subwindow!
eglMakeCurrent failed in binding subwindow!
eglMakeCurrent failed in binding subwindow!
eglMakeCurrent failed in binding subwindow!
eglMakeCurrent failed in binding subwindow!
eglMakeCurrent failed in binding subwindow!
eglMakeCurrent failed in binding subwindow!
eglMakeCurrent failed in binding subwindow!
eglMakeCurrent failed in binding subwindow!
eglMakeCurrent failed in binding subwindow!
eglMakeCurrent failed in binding subwindow!
eglMakeCurrent failed in binding subwindow!
eglMakeCurrent failed in binding subwindow!
eglMakeCurrent failed in binding subwindow!
eglMakeCurrent failed in binding subwindow!
eglMakeCurrent failed in binding subwindow!
eglMakeCurrent failed in binding subwindow!
eglMakeCurrent failed in binding subwindow!
eglMakeCurrent failed in binding subwindow!
eglMakeCurrent failed in binding subwindow!
eglMakeCurrent failed in binding subwindow!
eglMakeCurrent failed in binding subwindow!
eglMakeCurrent failed in binding subwindow!
eglMakeCurrent failed in binding subwindow!
eglMakeCurrent failed in binding subwindow!
eglMakeCurrent failed in binding subwindow!
eglMakeCurrent failed in binding subwindow!
eglMakeCurrent failed in binding subwindow!
eglMakeCurrent failed in binding subwindow!
eglMakeCurrent failed in binding subwindow!
eglMakeCurrent failed in binding subwindow!
eglMakeCurrent failed in binding subwindow!
eglMakeCurrent failed in binding subwindow!
eglMakeCurrent failed in binding subwindow!
eglMakeCurrent failed in binding subwindow!
eglMakeCurrent failed in binding subwindow!
eglMakeCurrent failed in binding subwindow!
eglMakeCurrent failed in binding subwindow!
eglMakeCurrent failed in binding subwindow!
eglMakeCurrent failed in binding subwindow!
eglMakeCurrent failed in binding subwindow!
eglMakeCurrent failed in binding subwindow!
eglMakeCurrent failed in binding subwindow!
eglMakeCurrent failed in binding subwindow!
eglMakeCurrent failed in binding subwindow!
eglMakeCurrent failed in binding subwindow!
eglMakeCurrent failed in binding subwindow!
eglMakeCurrent failed in binding subwindow!
eglMakeCurrent failed in binding subwindow!
eglMakeCurrent failed in binding subwindow!
eglMakeCurrent failed in binding subwindow!
eglMakeCurrent failed in binding subwindow!
eglMakeCurrent failed in binding subwindow!
eglMakeCurrent failed in binding subwindow!
eglMakeCurrent failed in binding subwindow!
eglMakeCurrent failed in binding subwindow!
eglMakeCurrent failed in binding subwindow!
eglMakeCurrent failed in binding subwindow!
eglMakeCurrent failed in binding subwindow!
eglMakeCurrent failed in binding subwindow!
eglMakeCurrent failed in binding subwindow!
eglMakeCurrent failed in binding subwindow!
eglMakeCurrent failed in binding subwindow!
eglMakeCurrent failed in binding subwindow!
eglMakeCurrent failed in binding subwindow!
eglMakeCurrent failed in binding subwindow!
eglMakeCurrent failed in binding subwindow!
eglMakeCurrent failed in binding subwindow!
eglMakeCurrent failed in binding subwindow!
eglMakeCurrent failed in binding subwindow!
eglMakeCurrent failed in binding subwindow!
eglMakeCurrent failed in binding subwindow!
eglMakeCurrent failed in binding subwindow!
eglMakeCurrent failed in binding subwindow!
eglMakeCurrent failed in binding subwindow!
eglMakeCurrent failed in binding subwindow!
eglMakeCurrent failed in binding subwindow!
eglMakeCurrent failed in binding subwindow!
eglMakeCurrent failed in binding subwindow!
eglMakeCurrent failed in binding subwindow!
eglMakeCurrent failed in binding subwindow!
eglMakeCurrent failed in binding subwindow!
eglMakeCurrent failed in binding subwindow!
eglMakeCurrent failed in binding subwindow!
eglMakeCurrent failed in binding subwindow!
eglMakeCurrent failed in binding subwindow!
eglMakeCurrent failed in binding subwindow!
eglMakeCurrent failed in binding subwindow!
eglMakeCurrent failed in binding subwindow!
eglMakeCurrent failed in binding subwindow!
eglMakeCurrent failed in binding subwindow!
eglMakeCurrent failed in binding subwindow!
eglMakeCurrent failed in binding subwindow!
eglMakeCurrent failed in binding subwindow!
eglMakeCurrent failed in binding subwindow!
eglMakeCurrent failed in binding subwindow!
eglMakeCurrent failed in binding subwindow!
eglMakeCurrent failed in binding subwindow!
eglMakeCurrent failed in binding subwindow!
eglMakeCurrent failed in binding subwindow!
eglMakeCurrent failed in binding subwindow!
eglMakeCurrent failed in binding subwindow!
eglMakeCurrent failed in binding subwindow!
eglMakeCurrent failed in binding subwindow!
eglMakeCurrent failed in binding subwindow!
eglMakeCurrent failed in binding subwindow!
eglMakeCurrent failed in binding subwindow!
eglMakeCurrent failed in binding subwindow!
eglMakeCurrent failed in binding subwindow!
eglMakeCurrent failed in binding subwindow!
eglMakeCurrent failed in binding subwindow!
eglMakeCurrent failed in binding subwindow!
eglMakeCurrent failed in binding subwindow!
eglMakeCurrent failed in binding subwindow!
eglMakeCurrent failed in binding subwindow!
eglMakeCurrent failed in binding subwindow!
eglMakeCurrent failed in binding subwindow!
eglMakeCurrent failed in binding subwindow!
eglMakeCurrent failed in binding subwindow!
eglMakeCurrent failed in binding subwindow!
eglMakeCurrent failed in binding subwindow!
eglMakeCurrent failed in binding subwindow!
eglMakeCurrent failed in binding subwindow!
eglMakeCurrent failed in binding subwindow!
eglMakeCurrent failed in binding subwindow!
eglMakeCurrent failed in binding subwindow!
eglMakeCurrent failed in binding subwindow!
eglMakeCurrent failed in binding subwindow!
eglMakeCurrent failed in binding subwindow!
eglMakeCurrent failed in binding subwindow!
eglMakeCurrent failed in binding subwindow!
eglMakeCurrent failed in binding subwindow!
eglMakeCurrent failed in binding subwindow!
eglMakeCurrent failed in binding subwindow!
eglMakeCurrent failed in binding subwindow!
eglMakeCurrent failed in binding subwindow!
eglMakeCurrent failed in binding subwindow!
eglMakeCurrent failed in binding subwindow!
eglMakeCurrent failed in binding subwindow!
eglMakeCurrent failed in binding subwindow!
eglMakeCurrent failed in binding subwindow!
eglMakeCurrent failed in binding subwindow!
eglMakeCurrent failed in binding subwindow!
eglMakeCurrent failed in binding subwindow!
eglMakeCurrent failed in binding subwindow!
eglMakeCurrent failed in binding subwindow!
eglMakeCurrent failed in binding subwindow!
eglMakeCurrent failed in binding subwindow!
eglMakeCurrent failed in binding subwindow!
eglMakeCurrent failed in binding subwindow!
eglMakeCurrent failed in binding subwindow!
eglMakeCurrent failed in binding subwindow!
eglMakeCurrent failed in binding subwindow!
eglMakeCurrent failed in binding subwindow!
eglMakeCurrent failed in binding subwindow!
eglMakeCurrent failed in binding subwindow!
eglMakeCurrent failed in binding subwindow!
eglMakeCurrent failed in binding subwindow!
eglMakeCurrent failed in binding subwindow!
eglMakeCurrent failed in binding subwindow!
eglMakeCurrent failed in binding subwindow!
eglMakeCurrent failed in binding subwindow!
eglMakeCurrent failed in binding subwindow!
eglMakeCurrent failed in binding subwindow!
eglMakeCurrent failed in binding subwindow!
eglMakeCurrent failed in binding subwindow!
eglMakeCurrent failed in binding subwindow!
eglMakeCurrent failed in binding subwindow!
eglMakeCurrent failed in binding subwindow!
eglMakeCurrent failed in binding subwindow!
eglMakeCurrent failed in binding subwindow!
eglMakeCurrent failed in binding subwindow!
eglMakeCurrent failed in binding subwindow!
eglMakeCurrent failed in binding subwindow!
eglMakeCurrent failed in binding subwindow!
eglMakeCurrent failed in binding subwindow!
eglMakeCurrent failed in binding subwindow!
eglMakeCurrent failed in binding subwindow!
eglMakeCurrent failed in binding subwindow!
eglMakeCurrent failed in binding subwindow!
eglMakeCurrent failed in binding subwindow!
eglMakeCurrent failed in binding subwindow!
eglMakeCurrent failed in binding subwindow!
eglMakeCurrent failed in binding subwindow!
eglMakeCurrent failed in binding subwindow!
eglMakeCurrent failed in binding subwindow!
eglMakeCurrent failed in binding subwindow!
eglMakeCurrent failed in binding subwindow!
eglMakeCurrent failed in binding subwindow!
eglMakeCurrent failed in binding subwindow!
eglMakeCurrent failed in binding subwindow!
eglMakeCurrent failed in binding subwindow!
eglMakeCurrent failed in binding subwindow!
eglMakeCurrent failed in binding subwindow!
eglMakeCurrent failed in binding subwindow!
eglMakeCurrent failed in binding subwindow!
eglMakeCurrent failed in binding subwindow!
eglMakeCurrent failed in binding subwindow!
eglMakeCurrent failed in binding subwindow!
eglMakeCurrent failed in binding subwindow!
eglMakeCurrent failed in binding subwindow!
eglMakeCurrent failed in binding subwindow!
eglMakeCurrent failed in binding subwindow!
eglMakeCurrent failed in binding subwindow!
eglMakeCurrent failed in binding subwindow!
eglMakeCurrent failed in binding subwindow!
eglMakeCurrent failed in binding subwindow!
eglMakeCurrent failed in binding subwindow!
eglMakeCurrent failed in binding subwindow!
eglMakeCurrent failed in binding subwindow!
eglMakeCurrent failed in binding subwindow!
eglMakeCurrent failed in binding subwindow!
eglMakeCurrent failed in binding subwindow!
eglMakeCurrent failed in binding subwindow!
eglMakeCurrent failed in binding subwindow!
eglMakeCurrent failed in binding subwindow!
eglMakeCurrent failed in binding subwindow!
eglMakeCurrent failed in binding subwindow!
eglMakeCurrent failed in binding subwindow!
eglMakeCurrent failed in binding subwindow!
eglMakeCurrent failed in binding subwindow!
eglMakeCurrent failed in binding subwindow!
eglMakeCurrent failed in binding subwindow!
eglMakeCurrent failed in binding subwindow!
eglMakeCurrent failed in binding subwindow!
eglMakeCurrent failed in binding subwindow!
eglMakeCurrent failed in binding subwindow!
eglMakeCurrent failed in binding subwindow!
eglMakeCurrent failed in binding subwindow!
eglMakeCurrent failed in binding subwindow!
eglMakeCurrent failed in binding subwindow!
eglMakeCurrent failed in binding subwindow!
eglMakeCurrent failed in binding subwindow!
eglMakeCurrent failed in binding subwindow!
eglMakeCurrent failed in binding subwindow!
eglMakeCurrent failed in binding subwindow!
eglMakeCurrent failed in binding subwindow!
eglMakeCurrent failed in binding subwindow!
eglMakeCurrent failed in binding subwindow!
eglMakeCurrent failed in binding subwindow!
eglMakeCurrent failed in binding subwindow!
eglMakeCurrent failed in binding subwindow!
eglMakeCurrent failed in binding subwindow!
eglMakeCurrent failed in binding subwindow!
eglMakeCurrent failed in binding subwindow!
eglMakeCurrent failed in binding subwindow!
eglMakeCurrent failed in binding subwindow!
eglMakeCurrent failed in binding subwindow!
eglMakeCurrent failed in binding subwindow!
eglMakeCurrent failed in binding subwindow!
eglMakeCurrent failed in binding subwindow!
eglMakeCurrent failed in binding subwindow!
eglMakeCurrent failed in binding subwindow!
eglMakeCurrent failed in binding subwindow!
eglMakeCurrent failed in binding subwindow!
eglMakeCurrent failed in binding subwindow!
eglMakeCurrent failed in binding subwindow!
eglMakeCurrent failed in binding subwindow!
eglMakeCurrent failed in binding subwindow!
eglMakeCurrent failed in binding subwindow!
eglMakeCurrent failed in binding subwindow!
eglMakeCurrent failed in binding subwindow!
eglMakeCurrent failed in binding subwindow!
eglMakeCurrent failed in binding subwindow!
eglMakeCurrent failed in binding subwindow!
eglMakeCurrent failed in binding subwindow!
eglMakeCurrent failed in binding subwindow!
eglMakeCurrent failed in binding subwindow!
eglMakeCurrent failed in binding subwindow!
eglMakeCurrent failed in binding subwindow!
eglMakeCurrent failed in binding subwindow!
eglMakeCurrent failed in binding subwindow!
eglMakeCurrent failed in binding subwindow!
eglMakeCurrent failed in binding subwindow!
eglMakeCurrent failed in binding subwindow!
eglMakeCurrent failed in binding subwindow!
eglMakeCurrent failed in binding subwindow!
eglMakeCurrent failed in binding subwindow!
eglMakeCurrent failed in binding subwindow!
eglMakeCurrent failed in binding subwindow!
eglMakeCurrent failed in binding subwindow!
eglMakeCurrent failed in binding subwindow!
emulator: Saving state on exit with session uptime 207641 ms
eglMakeCurrent failed in binding subwindow!
handleCpuAcceleration: feature check for hvf
cannot add library /Users/bobby/Library/Android/sdk/emulator/qemu/darwin-x86_64/lib64/vulkan/libvulkan.dylib: failed
added library /Users/bobby/Library/Android/sdk/emulator/lib64/vulkan/libvulkan.dylib
emulator: WARNING: Your AVD has been configured with an in-guest renderer, but the system image does not support guest rendering.Falling back to 'swiftshader_indirect' mode.
emulator: INFO: GrpcServices.cpp:315: Started GRPC server at 127.0.0.1:8554, security: Local
emulator: INFO: EmulatorAdvertisement.cpp:93: Advertising in: /Users/bobby/Library/Caches/TemporaryItems/avd/running/pid_25221.ini
emulator: Saving state on exit with session uptime 9292294 ms
handleCpuAcceleration: feature check for hvf
cannot add library /Users/bobby/Library/Android/sdk/emulator/qemu/darwin-x86_64/lib64/vulkan/libvulkan.dylib: failed
added library /Users/bobby/Library/Android/sdk/emulator/lib64/vulkan/libvulkan.dylib
emulator: WARNING: Your AVD has been configured with an in-guest renderer, but the system image does not support guest rendering.Falling back to 'swiftshader_indirect' mode.
emulator: INFO: GrpcServices.cpp:315: Started GRPC server at 127.0.0.1:8554, security: Local
emulator: INFO: EmulatorAdvertisement.cpp:93: Advertising in: /Users/bobby/Library/Caches/TemporaryItems/avd/running/pid_29763.ini
emulator: Saving state on exit with session uptime 727816 ms
